2023-09-08 15:05:31.759 INFO  DeferredLog.logTo - Devtools property defaults active! Set 'spring.devtools.add-properties' to 'false' to disable
2023-09-08 15:05:31.779 INFO  DeferredLog.logTo - For additional web related logging consider setting the 'logging.level.web' property to 'DEBUG'
2023-09-08 15:05:35.045 INFO  RepositoryConfigurationDelegate.registerRepositoriesIn - Bootstrapping Spring Data JPA repositories in DEFAULT mode.
2023-09-08 15:05:35.224 INFO  RepositoryConfigurationDelegate.registerRepositoriesIn - Finished Spring Data repository scanning in 156 ms. Found 2 JPA repository interfaces.
2023-09-08 15:05:37.100 INFO  TomcatWebServer.initialize - Tomcat initialized with port(s): 8081 (http)
2023-09-08 15:05:37.137 INFO  DirectJDKLog.log - Initializing ProtocolHandler ["http-nio-8081"]
2023-09-08 15:05:37.139 INFO  DirectJDKLog.log - Starting service [Tomcat]
2023-09-08 15:05:37.141 INFO  DirectJDKLog.log - Starting Servlet engine: [Apache Tomcat/10.1.8]
2023-09-08 15:05:37.585 INFO  DirectJDKLog.log - At least one JAR was scanned for TLDs yet contained no TLDs. Enable debug logging for this logger for a complete list of JARs that were scanned but no TLDs were found in them. Skipping unneeded JARs during scanning can improve startup time and JSP compilation time.
2023-09-08 15:05:37.614 INFO  DirectJDKLog.log - Initializing Spring embedded WebApplicationContext
2023-09-08 15:05:37.616 INFO  ServletWebServerApplicationContext.prepareWebApplicationContext - Root WebApplicationContext: initialization completed in 5833 ms
2023-09-08 15:05:37.904 INFO  HikariDataSource.getConnection - HikariPool-1 - Starting...
2023-09-08 15:05:38.584 INFO  HikariPool.checkFailFast - HikariPool-1 - Added connection conn0: url=jdbc:h2:file:~/h2/management user=SA
2023-09-08 15:05:38.589 INFO  HikariDataSource.getConnection - HikariPool-1 - Start completed.
2023-09-08 15:05:38.622 INFO  H2ConsoleAutoConfiguration.logDataSources - H2 console available at '/h2-console'. Database available at 'jdbc:h2:file:~/h2/management'
2023-09-08 15:05:39.825 INFO  SpringPersistenceUnitInfo.addTransformer - No LoadTimeWeaver setup: ignoring JPA class transformer
2023-09-08 15:05:42.075 INFO  AbstractEntityManagerFactoryBean.buildNativeEntityManagerFactory - Initialized JPA EntityManagerFactory for persistence unit 'default'
2023-09-08 15:05:43.022 WARN  JpaBaseConfiguration$JpaWebConfiguration.openEntityManagerInViewInterceptor - spring.jpa.open-in-view is enabled by default. Therefore, database queries may be performed during view rendering. Explicitly configure spring.jpa.open-in-view to disable this warning
2023-09-08 15:05:44.320 INFO  OptionalLiveReloadServer.startServer - LiveReload server is running on port 35729
2023-09-08 15:05:44.332 INFO  EndpointLinksResolver.<init> - Exposing 1 endpoint(s) beneath base path '/actuator'
2023-09-08 15:05:44.468 INFO  DirectJDKLog.log - Starting ProtocolHandler ["http-nio-8081"]
2023-09-08 15:05:44.575 INFO  TomcatWebServer.start - Tomcat started on port(s): 8081 (http) with context path ''
2023-09-08 15:05:46.105 INFO  DirectJDKLog.log - Initializing Spring DispatcherServlet 'dispatcherServlet'
2023-09-08 15:05:46.106 INFO  FrameworkServlet.initServletBean - Initializing Servlet 'dispatcherServlet'
2023-09-08 15:05:46.109 INFO  FrameworkServlet.initServletBean - Completed initialization in 2 ms
