2023-09-11 09:28:29.405 WARN  HikariPool$HouseKeeper.run - HikariPool-1 - Thread starvation or clock leap detected (housekeeper delta=2d17h51m35s127ms937µs800ns).
2023-09-11 09:28:31.577 INFO  LocalDevToolsAutoConfiguration$RestartingClassPathChangeChangedEventListener.onApplicationEvent - Restarting due to 3 class path changes (1 addition, 0 deletions, 2 modifications)
2023-09-11 09:28:33.968 INFO  DirectJDKLog.log - Pausing ProtocolHandler ["http-nio-8081"]
2023-09-11 09:28:33.970 INFO  DirectJDKLog.log - Stopping service [Tomcat]
2023-09-11 09:28:33.973 INFO  DirectJDKLog.log - Destroying Spring FrameworkServlet 'dispatcherServlet'
2023-09-11 09:28:33.981 INFO  DirectJDKLog.log - Stopping ProtocolHandler ["http-nio-8081"]
2023-09-11 09:28:33.985 INFO  DirectJDKLog.log - Destroying ProtocolHandler ["http-nio-8081"]
2023-09-11 09:28:34.002 INFO  AbstractEntityManagerFactoryBean.destroy - Closing JPA EntityManagerFactory for persistence unit 'default'
2023-09-11 09:28:34.012 INFO  HikariDataSource.close - HikariPool-1 - Shutdown initiated...
2023-09-11 09:28:34.140 INFO  HikariDataSource.close - HikariPool-1 - Shutdown completed.
2023-09-11 09:28:36.696 INFO  RepositoryConfigurationDelegate.registerRepositoriesIn - Bootstrapping Spring Data JPA repositories in DEFAULT mode.
2023-09-11 09:28:36.822 INFO  RepositoryConfigurationDelegate.registerRepositoriesIn - Finished Spring Data repository scanning in 118 ms. Found 2 JPA repository interfaces.
2023-09-11 09:28:37.272 INFO  TomcatWebServer.initialize - Tomcat initialized with port(s): 8081 (http)
2023-09-11 09:28:37.275 INFO  DirectJDKLog.log - Initializing ProtocolHandler ["http-nio-8081"]
2023-09-11 09:28:37.276 INFO  DirectJDKLog.log - Starting service [Tomcat]
2023-09-11 09:28:37.277 INFO  DirectJDKLog.log - Starting Servlet engine: [Apache Tomcat/10.1.8]
2023-09-11 09:28:37.571 INFO  DirectJDKLog.log - At least one JAR was scanned for TLDs yet contained no TLDs. Enable debug logging for this logger for a complete list of JARs that were scanned but no TLDs were found in them. Skipping unneeded JARs during scanning can improve startup time and JSP compilation time.
2023-09-11 09:28:37.577 INFO  DirectJDKLog.log - Initializing Spring embedded WebApplicationContext
2023-09-11 09:28:37.578 INFO  ServletWebServerApplicationContext.prepareWebApplicationContext - Root WebApplicationContext: initialization completed in 2750 ms
2023-09-11 09:28:37.700 INFO  HikariDataSource.getConnection - HikariPool-2 - Starting...
2023-09-11 09:28:37.734 INFO  HikariPool.checkFailFast - HikariPool-2 - Added connection conn30: url=jdbc:h2:file:~/h2/management user=SA
2023-09-11 09:28:37.736 INFO  HikariDataSource.getConnection - HikariPool-2 - Start completed.
2023-09-11 09:28:37.738 INFO  H2ConsoleAutoConfiguration.logDataSources - H2 console available at '/h2-console'. Database available at 'jdbc:h2:file:~/h2/management'
2023-09-11 09:28:37.873 INFO  SpringPersistenceUnitInfo.addTransformer - No LoadTimeWeaver setup: ignoring JPA class transformer
2023-09-11 09:28:38.058 INFO  AbstractEntityManagerFactoryBean.buildNativeEntityManagerFactory - Initialized JPA EntityManagerFactory for persistence unit 'default'
2023-09-11 09:28:39.003 WARN  JpaBaseConfiguration$JpaWebConfiguration.openEntityManagerInViewInterceptor - spring.jpa.open-in-view is enabled by default. Therefore, database queries may be performed during view rendering. Explicitly configure spring.jpa.open-in-view to disable this warning
2023-09-11 09:28:39.544 INFO  OptionalLiveReloadServer.startServer - LiveReload server is running on port 35729
2023-09-11 09:28:39.560 INFO  EndpointLinksResolver.<init> - Exposing 1 endpoint(s) beneath base path '/actuator'
2023-09-11 09:28:39.610 INFO  DirectJDKLog.log - Starting ProtocolHandler ["http-nio-8081"]
2023-09-11 09:28:39.640 INFO  TomcatWebServer.start - Tomcat started on port(s): 8081 (http) with context path ''
2023-09-11 09:28:39.673 INFO  ConditionEvaluationDeltaLoggingListener.onApplicationEvent - Condition evaluation unchanged
2023-09-11 09:28:41.084 INFO  LocalDevToolsAutoConfiguration$RestartingClassPathChangeChangedEventListener.onApplicationEvent - Restarting due to 1 class path change (0 additions, 0 deletions, 1 modification)
2023-09-11 09:28:41.176 INFO  DirectJDKLog.log - Pausing ProtocolHandler ["http-nio-8081"]
2023-09-11 09:28:41.179 INFO  DirectJDKLog.log - Stopping service [Tomcat]
2023-09-11 09:28:41.184 INFO  DirectJDKLog.log - Stopping ProtocolHandler ["http-nio-8081"]
2023-09-11 09:28:41.187 INFO  DirectJDKLog.log - Destroying ProtocolHandler ["http-nio-8081"]
2023-09-11 09:28:41.194 INFO  AbstractEntityManagerFactoryBean.destroy - Closing JPA EntityManagerFactory for persistence unit 'default'
2023-09-11 09:28:41.198 INFO  HikariDataSource.close - HikariPool-2 - Shutdown initiated...
2023-09-11 09:28:41.348 INFO  HikariDataSource.close - HikariPool-2 - Shutdown completed.
2023-09-11 09:28:42.618 INFO  RepositoryConfigurationDelegate.registerRepositoriesIn - Bootstrapping Spring Data JPA repositories in DEFAULT mode.
2023-09-11 09:28:42.686 INFO  RepositoryConfigurationDelegate.registerRepositoriesIn - Finished Spring Data repository scanning in 63 ms. Found 2 JPA repository interfaces.
2023-09-11 09:28:42.934 INFO  TomcatWebServer.initialize - Tomcat initialized with port(s): 8081 (http)
2023-09-11 09:28:42.939 INFO  DirectJDKLog.log - Initializing ProtocolHandler ["http-nio-8081"]
2023-09-11 09:28:42.942 INFO  DirectJDKLog.log - Starting service [Tomcat]
2023-09-11 09:28:42.943 INFO  DirectJDKLog.log - Starting Servlet engine: [Apache Tomcat/10.1.8]
2023-09-11 09:28:43.182 INFO  DirectJDKLog.log - At least one JAR was scanned for TLDs yet contained no TLDs. Enable debug logging for this logger for a complete list of JARs that were scanned but no TLDs were found in them. Skipping unneeded JARs during scanning can improve startup time and JSP compilation time.
2023-09-11 09:28:43.185 INFO  DirectJDKLog.log - Initializing Spring embedded WebApplicationContext
2023-09-11 09:28:43.186 INFO  ServletWebServerApplicationContext.prepareWebApplicationContext - Root WebApplicationContext: initialization completed in 1580 ms
2023-09-11 09:28:43.289 INFO  HikariDataSource.getConnection - HikariPool-3 - Starting...
2023-09-11 09:28:43.350 INFO  HikariPool.checkFailFast - HikariPool-3 - Added connection conn40: url=jdbc:h2:file:~/h2/management user=SA
2023-09-11 09:28:43.352 INFO  HikariDataSource.getConnection - HikariPool-3 - Start completed.
2023-09-11 09:28:43.359 INFO  H2ConsoleAutoConfiguration.logDataSources - H2 console available at '/h2-console'. Database available at 'jdbc:h2:file:~/h2/management'
2023-09-11 09:28:43.483 INFO  SpringPersistenceUnitInfo.addTransformer - No LoadTimeWeaver setup: ignoring JPA class transformer
2023-09-11 09:28:43.666 INFO  AbstractEntityManagerFactoryBean.buildNativeEntityManagerFactory - Initialized JPA EntityManagerFactory for persistence unit 'default'
2023-09-11 09:28:43.850 WARN  JpaBaseConfiguration$JpaWebConfiguration.openEntityManagerInViewInterceptor - spring.jpa.open-in-view is enabled by default. Therefore, database queries may be performed during view rendering. Explicitly configure spring.jpa.open-in-view to disable this warning
2023-09-11 09:28:44.278 INFO  OptionalLiveReloadServer.startServer - LiveReload server is running on port 35729
2023-09-11 09:28:44.284 INFO  EndpointLinksResolver.<init> - Exposing 1 endpoint(s) beneath base path '/actuator'
2023-09-11 09:28:44.334 INFO  DirectJDKLog.log - Starting ProtocolHandler ["http-nio-8081"]
2023-09-11 09:28:44.363 INFO  TomcatWebServer.start - Tomcat started on port(s): 8081 (http) with context path ''
2023-09-11 09:28:44.389 INFO  ConditionEvaluationDeltaLoggingListener.onApplicationEvent - Condition evaluation unchanged
2023-09-11 09:30:05.096 WARN  HikariPool$HouseKeeper.run - HikariPool-3 - Thread starvation or clock leap detected (housekeeper delta=1m36s759ms885µs200ns).
