date:2023/04/24 time:10:46:05 [main] INFO  com.learn.events.publisher.Gpay - hi, vivek pandey
date:2023/04/24 time:10:46:05 [main] INFO  com.learn.events.publisher.Gpay - sending amount of 12000.0 is successfully done
date:2023/04/24 time:10:47:08 [main] INFO  com.learn.events.publisher.Gpay - hi, vivek pandey
date:2023/04/24 time:10:47:08 [main] INFO  com.learn.events.publisher.Gpay - sending amount of 12000.0 is successfully done
date:2023/04/24 time:10:48:36 [main] INFO  com.learn.events.publisher.Gpay - hi, vivek pandey
date:2023/04/24 time:10:48:36 [main] INFO  com.learn.events.publisher.Gpay - sending amount of 12000.0 is successfully done
date:2023/04/24 time:10:56:38 [main] INFO  com.learn.events.listener.SendSMSListener - Hi,vivek pandey transaction failed for amount: 12000.0, sending sms
date:2023/04/24 time:10:58:08 [main] INFO  com.learn.events.listener.SendEmailListener - Hi,vivek pandey transaction failed for amount: 12000.0, sending email
date:2023/04/24 time:10:58:08 [main] INFO  com.learn.events.listener.SendSMSListener - Hi,vivek pandey transaction failed for amount: 12000.0, sending sms
date:2023/04/24 time:10:58:47 [main] INFO  com.learn.events.listener.SendEmailListener - Hi,vivek pandey transaction failed for amount: 12000.0, sending email
date:2023/04/24 time:10:58:47 [main] INFO  com.learn.events.listener.SendSMSListener - Hi,vivek pandey transaction failed for amount: 12000.0, sending sms
date:2023/04/24 time:10:58:47 [main] INFO  com.learn.events.publisher.Gpay - hi, vishal pandey
date:2023/04/24 time:10:58:47 [main] INFO  com.learn.events.publisher.Gpay - sending amount of 12000.0 is successfully done
date:2023/04/24 time:10:59:21 [main] INFO  com.learn.events.listener.SendEmailListener - Hi,vivek pandey transaction failed for amount: 12000.0, sending email
date:2023/04/24 time:10:59:21 [main] INFO  com.learn.events.listener.SendSMSListener - Hi,vivek pandey transaction failed for amount: 12000.0, sending sms
date:2023/04/24 time:11:00:06 [main] INFO  com.learn.events.listener.SendSMSListener - Hi,vivek pandey transaction failed for amount: 12000.0, sending sms
date:2023/04/24 time:11:00:06 [main] INFO  com.learn.events.listener.SendEmailListener - Hi,vivek pandey transaction failed for amount: 12000.0, sending email
date:2023/04/24 time:11:34:11 [main] INFO  com.learn.events.listener.SendEmailListener - Hi,vivek pandey transaction failed for amount: 12000.0, sending email
date:2023/04/24 time:11:34:11 [main] INFO  com.learn.events.listener.SendSMSListener - Hi,vivek pandey transaction failed for amount: 12000.0, sending sms
date:2023/04/24 time:11:35:48 [main] INFO  com.learn.events.listener.SendEmailListener - ---------------- send email start --------------------------
date:2023/04/24 time:11:35:51 [main] INFO  com.learn.events.listener.SendEmailListener - Hi,vivek pandey transaction failed for amount: 12000.0, sending email
date:2023/04/24 time:11:35:51 [main] INFO  com.learn.events.listener.SendEmailListener - ---------------- send email end --------------------------
date:2023/04/24 time:11:35:51 [main] INFO  com.learn.events.listener.SendSMSListener - ---------------- send sms start --------------------------
date:2023/04/24 time:11:35:51 [main] INFO  com.learn.events.listener.SendSMSListener - Hi,vivek pandey transaction failed for amount: 12000.0, sending sms
date:2023/04/24 time:11:35:51 [main] INFO  com.learn.events.listener.SendSMSListener - ---------------- send sms end --------------------------
date:2023/04/24 time:12:38:08 [SimpleAsyncTaskExecutor-2] INFO  com.learn.events.listener.SendSMSListener - ---------------- send sms start --------------------------
date:2023/04/24 time:12:38:08 [SimpleAsyncTaskExecutor-1] INFO  com.learn.events.listener.SendEmailListener - ---------------- send email start --------------------------
date:2023/04/24 time:12:38:08 [SimpleAsyncTaskExecutor-2] INFO  com.learn.events.listener.SendSMSListener - Hi,vivek pandey transaction failed for amount: 12000.0, sending sms
date:2023/04/24 time:12:38:08 [SimpleAsyncTaskExecutor-2] INFO  com.learn.events.listener.SendSMSListener - ---------------- send sms end --------------------------
date:2023/04/24 time:12:38:11 [SimpleAsyncTaskExecutor-1] INFO  com.learn.events.listener.SendEmailListener - Hi,vivek pandey transaction failed for amount: 12000.0, sending email
date:2023/04/24 time:12:38:11 [SimpleAsyncTaskExecutor-1] INFO  com.learn.events.listener.SendEmailListener - ---------------- send email end --------------------------
date:2023/04/24 time:12:38:46 [SimpleAsyncTaskExecutor-2] INFO  com.learn.events.listener.SendSMSListener - ---------------- send sms start --------------------------
date:2023/04/24 time:12:38:46 [SimpleAsyncTaskExecutor-1] INFO  com.learn.events.listener.SendEmailListener - ---------------- send email start --------------------------
date:2023/04/24 time:12:38:46 [SimpleAsyncTaskExecutor-2] INFO  com.learn.events.listener.SendSMSListener - Hi,vivek pandey transaction failed for amount: 12000.0, sending sms
date:2023/04/24 time:12:38:46 [SimpleAsyncTaskExecutor-2] INFO  com.learn.events.listener.SendSMSListener - ---------------- send sms end --------------------------
date:2023/04/24 time:12:38:49 [SimpleAsyncTaskExecutor-1] INFO  com.learn.events.listener.SendEmailListener - Hi,vivek pandey transaction failed for amount: 12000.0, sending email
date:2023/04/24 time:12:38:49 [SimpleAsyncTaskExecutor-1] INFO  com.learn.events.listener.SendEmailListener - ---------------- send email end --------------------------
date:2023/04/24 time:12:40:16 [SimpleAsyncTaskExecutor-3] INFO  com.learn.events.listener.SendEmailListener - ---------------- send email start --------------------------
date:2023/04/24 time:12:40:16 [SimpleAsyncTaskExecutor-4] INFO  com.learn.events.listener.SendSMSListener - ---------------- send sms start --------------------------
date:2023/04/24 time:12:40:16 [SimpleAsyncTaskExecutor-2] INFO  com.learn.events.listener.SendSMSListener - ---------------- send sms start --------------------------
date:2023/04/24 time:12:40:16 [SimpleAsyncTaskExecutor-1] INFO  com.learn.events.listener.SendEmailListener - ---------------- send email start --------------------------
date:2023/04/24 time:12:40:16 [SimpleAsyncTaskExecutor-4] INFO  com.learn.events.listener.SendSMSListener - Hi,vishal pandey transaction failed for amount: 15000.0, sending sms
date:2023/04/24 time:12:40:16 [SimpleAsyncTaskExecutor-2] INFO  com.learn.events.listener.SendSMSListener - Hi,vivek pandey transaction failed for amount: 12000.0, sending sms
date:2023/04/24 time:12:40:16 [SimpleAsyncTaskExecutor-2] INFO  com.learn.events.listener.SendSMSListener - ---------------- send sms end --------------------------
date:2023/04/24 time:12:40:16 [SimpleAsyncTaskExecutor-4] INFO  com.learn.events.listener.SendSMSListener - ---------------- send sms end --------------------------
date:2023/04/24 time:12:40:19 [SimpleAsyncTaskExecutor-3] INFO  com.learn.events.listener.SendEmailListener - Hi,vishal pandey transaction failed for amount: 15000.0, sending email
date:2023/04/24 time:12:40:19 [SimpleAsyncTaskExecutor-1] INFO  com.learn.events.listener.SendEmailListener - Hi,vivek pandey transaction failed for amount: 12000.0, sending email
date:2023/04/24 time:12:40:19 [SimpleAsyncTaskExecutor-3] INFO  com.learn.events.listener.SendEmailListener - ---------------- send email end --------------------------
date:2023/04/24 time:12:40:19 [SimpleAsyncTaskExecutor-1] INFO  com.learn.events.listener.SendEmailListener - ---------------- send email end --------------------------
date:2023/04/24 time:13:11:29 [SimpleAsyncTaskExecutor-1] INFO  com.learn.events.listener.SendEmailListener - ---------------- send email start --------------------------
date:2023/04/24 time:13:11:29 [SimpleAsyncTaskExecutor-2] INFO  com.learn.events.listener.SendSMSListener - ---------------- send sms start --------------------------
date:2023/04/24 time:13:11:29 [SimpleAsyncTaskExecutor-3] INFO  com.learn.events.listener.SendEmailListener - ---------------- send email start --------------------------
date:2023/04/24 time:13:11:29 [SimpleAsyncTaskExecutor-4] INFO  com.learn.events.listener.SendSMSListener - ---------------- send sms start --------------------------
date:2023/04/24 time:13:11:29 [SimpleAsyncTaskExecutor-2] INFO  com.learn.events.listener.SendSMSListener - Hi,vivek pandey transaction failed for amount: 12000.0, sending sms
date:2023/04/24 time:13:11:29 [SimpleAsyncTaskExecutor-4] INFO  com.learn.events.listener.SendSMSListener - Hi,vishal pandey transaction failed for amount: 15000.0, sending sms
date:2023/04/24 time:13:11:29 [SimpleAsyncTaskExecutor-4] INFO  com.learn.events.listener.SendSMSListener - ---------------- send sms end --------------------------
date:2023/04/24 time:13:11:29 [SimpleAsyncTaskExecutor-2] INFO  com.learn.events.listener.SendSMSListener - ---------------- send sms end --------------------------
date:2023/04/24 time:13:11:32 [SimpleAsyncTaskExecutor-3] INFO  com.learn.events.listener.SendEmailListener - Hi,vishal pandey transaction failed for amount: 15000.0, sending email
date:2023/04/24 time:13:11:32 [SimpleAsyncTaskExecutor-1] INFO  com.learn.events.listener.SendEmailListener - Hi,vivek pandey transaction failed for amount: 12000.0, sending email
date:2023/04/24 time:13:11:32 [SimpleAsyncTaskExecutor-3] INFO  com.learn.events.listener.SendEmailListener - ---------------- send email end --------------------------
date:2023/04/24 time:13:11:32 [SimpleAsyncTaskExecutor-1] INFO  com.learn.events.listener.SendEmailListener - ---------------- send email end --------------------------
date:2023/04/24 time:13:12:06 [SimpleAsyncTaskExecutor-2] INFO  com.learn.events.listener.SendSMSListener - ---------------- send sms start --------------------------
date:2023/04/24 time:13:12:06 [SimpleAsyncTaskExecutor-1] INFO  com.learn.events.listener.SendEmailListener - ---------------- send email start --------------------------
date:2023/04/24 time:13:12:06 [SimpleAsyncTaskExecutor-4] INFO  com.learn.events.listener.SendSMSListener - ---------------- send sms start --------------------------
date:2023/04/24 time:13:12:06 [SimpleAsyncTaskExecutor-3] INFO  com.learn.events.listener.SendEmailListener - ---------------- send email start --------------------------
date:2023/04/24 time:13:12:06 [SimpleAsyncTaskExecutor-2] INFO  com.learn.events.listener.SendSMSListener - Hi,vivek pandey transaction failed for amount: 12000.0, sending sms
date:2023/04/24 time:13:12:06 [SimpleAsyncTaskExecutor-4] INFO  com.learn.events.listener.SendSMSListener - Hi,vishal pandey transaction failed for amount: 15000.0, sending sms
date:2023/04/24 time:13:12:06 [SimpleAsyncTaskExecutor-2] INFO  com.learn.events.listener.SendSMSListener - ---------------- send sms end --------------------------
date:2023/04/24 time:13:12:06 [SimpleAsyncTaskExecutor-4] INFO  com.learn.events.listener.SendSMSListener - ---------------- send sms end --------------------------
date:2023/04/24 time:13:12:09 [SimpleAsyncTaskExecutor-3] INFO  com.learn.events.listener.SendEmailListener - Hi,vishal pandey transaction failed for amount: 15000.0, sending email
date:2023/04/24 time:13:12:09 [SimpleAsyncTaskExecutor-3] INFO  com.learn.events.listener.SendEmailListener - ---------------- send email end --------------------------
date:2023/04/24 time:13:12:09 [SimpleAsyncTaskExecutor-1] INFO  com.learn.events.listener.SendEmailListener - Hi,vivek pandey transaction failed for amount: 12000.0, sending email
date:2023/04/24 time:13:12:09 [SimpleAsyncTaskExecutor-1] INFO  com.learn.events.listener.SendEmailListener - ---------------- send email end --------------------------
date:2023/04/25 time:09:09:10 [SimpleAsyncTaskExecutor-3] INFO  com.learn.events.listener.SendEmailListener - ---------------- send email start --------------------------
date:2023/04/25 time:09:09:10 [SimpleAsyncTaskExecutor-4] INFO  com.learn.events.listener.SendSMSListener - ---------------- send sms start --------------------------
date:2023/04/25 time:09:09:10 [SimpleAsyncTaskExecutor-2] INFO  com.learn.events.listener.SendSMSListener - ---------------- send sms start --------------------------
date:2023/04/25 time:09:09:10 [SimpleAsyncTaskExecutor-1] INFO  com.learn.events.listener.SendEmailListener - ---------------- send email start --------------------------
date:2023/04/25 time:09:09:10 [SimpleAsyncTaskExecutor-4] INFO  com.learn.events.listener.SendSMSListener - Hi,vishal pandey transaction failed for amount: 15000.0, sending sms
date:2023/04/25 time:09:09:10 [SimpleAsyncTaskExecutor-2] INFO  com.learn.events.listener.SendSMSListener - Hi,vivek pandey transaction failed for amount: 12000.0, sending sms
date:2023/04/25 time:09:09:10 [SimpleAsyncTaskExecutor-2] INFO  com.learn.events.listener.SendSMSListener - ---------------- send sms end --------------------------
date:2023/04/25 time:09:09:10 [SimpleAsyncTaskExecutor-4] INFO  com.learn.events.listener.SendSMSListener - ---------------- send sms end --------------------------
date:2023/04/25 time:09:09:13 [SimpleAsyncTaskExecutor-3] INFO  com.learn.events.listener.SendEmailListener - Hi,vishal pandey transaction failed for amount: 15000.0, sending email
date:2023/04/25 time:09:09:13 [SimpleAsyncTaskExecutor-1] INFO  com.learn.events.listener.SendEmailListener - Hi,vivek pandey transaction failed for amount: 12000.0, sending email
date:2023/04/25 time:09:09:13 [SimpleAsyncTaskExecutor-3] INFO  com.learn.events.listener.SendEmailListener - ---------------- send email end --------------------------
date:2023/04/25 time:09:09:13 [SimpleAsyncTaskExecutor-1] INFO  com.learn.events.listener.SendEmailListener - ---------------- send email end --------------------------
date:2023/04/25 time:09:19:54 [SimpleAsyncTaskExecutor-2] INFO  com.learn.events.listener.SendSMSListener - ---------------- send sms start --------------------------
date:2023/04/25 time:09:19:54 [SimpleAsyncTaskExecutor-1] INFO  com.learn.events.listener.SendEmailListener - ---------------- send email start --------------------------
date:2023/04/25 time:09:19:54 [SimpleAsyncTaskExecutor-2] INFO  com.learn.events.listener.SendSMSListener - Hi,vivek pandey transaction failed for amount: 12000.0, sending sms
date:2023/04/25 time:09:19:54 [SimpleAsyncTaskExecutor-2] INFO  com.learn.events.listener.SendSMSListener - ---------------- send sms end --------------------------
date:2023/04/25 time:09:19:57 [SimpleAsyncTaskExecutor-1] INFO  com.learn.events.listener.SendEmailListener - Hi,vivek pandey transaction failed for amount: 12000.0, sending email
date:2023/04/25 time:09:19:57 [SimpleAsyncTaskExecutor-1] INFO  com.learn.events.listener.SendEmailListener - ---------------- send email end --------------------------
date:2023/04/25 time:09:20:47 [SimpleAsyncTaskExecutor-1] INFO  com.learn.events.listener.SendEmailListener - ---------------- send email start --------------------------
date:2023/04/25 time:09:20:47 [SimpleAsyncTaskExecutor-2] INFO  com.learn.events.listener.SendSMSListener - ---------------- send sms start --------------------------
date:2023/04/25 time:09:20:47 [SimpleAsyncTaskExecutor-2] INFO  com.learn.events.listener.SendSMSListener - Hi,vivek pandey transaction failed for amount: 12000.0, sending sms
date:2023/04/25 time:09:20:47 [SimpleAsyncTaskExecutor-2] INFO  com.learn.events.listener.SendSMSListener - ---------------- send sms end --------------------------
date:2023/04/25 time:09:20:50 [SimpleAsyncTaskExecutor-1] INFO  com.learn.events.listener.SendEmailListener - Hi,vivek pandey transaction failed for amount: 12000.0, sending email
date:2023/04/25 time:09:20:50 [SimpleAsyncTaskExecutor-1] INFO  com.learn.events.listener.SendEmailListener - ---------------- send email end --------------------------
