date:2023/05/03 time:09:16:30 [main] WARN  org.springframework.context.annotation.AnnotationConfigApplicationContext - Exception encountered during context initialization - cancelling refresh attempt: org.springframework.beans.factory.UnsatisfiedDependencyException: Error creating bean with name 'paymentService' defined in file [C:\Users\vivek.pandey\Desktop\java_coding\spring_profile\target\classes\v1\spring\profile\model\PaymentService.class]: Unsatisfied dependency expressed through constructor parameter 0; nested exception is org.springframework.beans.factory.NoUniqueBeanDefinitionException: No qualifying bean of type 'v1.spring.profile.model.Payment' available: expected single matching bean but found 2: gpayPayment,razorPayment
date:2023/05/03 time:09:22:33 [main] WARN  org.springframework.context.annotation.AnnotationConfigApplicationContext - Exception encountered during context initialization - cancelling refresh attempt: org.springframework.beans.factory.UnsatisfiedDependencyException: Error creating bean with name 'paymentService' defined in file [C:\Users\vivek.pandey\Desktop\java_coding\spring_profile\target\classes\v1\spring\profile\model\PaymentService.class]: Unsatisfied dependency expressed through constructor parameter 0; nested exception is org.springframework.beans.factory.NoSuchBeanDefinitionException: No qualifying bean of type 'v1.spring.profile.model.Payment' available: expected at least 1 bean which qualifies as autowire candidate. Dependency annotations: {}
date:2023/05/03 time:09:23:20 [main] WARN  org.springframework.context.annotation.AnnotationConfigApplicationContext - Exception encountered during context initialization - cancelling refresh attempt: org.springframework.beans.factory.UnsatisfiedDependencyException: Error creating bean with name 'paymentService' defined in file [C:\Users\vivek.pandey\Desktop\java_coding\spring_profile\target\classes\v1\spring\profile\model\PaymentService.class]: Unsatisfied dependency expressed through constructor parameter 0; nested exception is org.springframework.beans.factory.NoSuchBeanDefinitionException: No qualifying bean of type 'v1.spring.profile.model.Payment' available: expected at least 1 bean which qualifies as autowire candidate. Dependency annotations: {}
date:2023/05/03 time:09:23:30 [main] WARN  org.springframework.context.annotation.AnnotationConfigApplicationContext - Exception encountered during context initialization - cancelling refresh attempt: org.springframework.beans.factory.UnsatisfiedDependencyException: Error creating bean with name 'paymentService' defined in file [C:\Users\vivek.pandey\Desktop\java_coding\spring_profile\target\classes\v1\spring\profile\model\PaymentService.class]: Unsatisfied dependency expressed through constructor parameter 0; nested exception is org.springframework.beans.factory.NoSuchBeanDefinitionException: No qualifying bean of type 'v1.spring.profile.model.Payment' available: expected at least 1 bean which qualifies as autowire candidate. Dependency annotations: {}
date:2023/05/03 time:09:26:07 [main] INFO  v1.spring.profile.model.PaymentService - payment service implementation starts......
date:2023/05/03 time:09:26:07 [main] INFO  v1.spring.profile.model.RazorPayment - razor pay payment started.......
date:2023/05/03 time:09:26:09 [main] INFO  v1.spring.profile.model.RazorPayment - razor pay payment payment end .......
date:2023/05/03 time:09:26:09 [main] INFO  v1.spring.profile.model.PaymentService - payment service implementation ends.......
date:2023/05/03 time:09:27:22 [main] INFO  v1.spring.profile.model.PaymentService - payment service implementation starts......
date:2023/05/03 time:09:27:22 [main] INFO  v1.spring.profile.model.PaymentService - processing payment amount: 5000.0
date:2023/05/03 time:09:27:22 [main] INFO  v1.spring.profile.model.RazorPayment - razor pay payment started.......
date:2023/05/03 time:09:27:24 [main] INFO  v1.spring.profile.model.RazorPayment - razor pay payment payment end .......
date:2023/05/03 time:09:27:24 [main] INFO  v1.spring.profile.model.PaymentService - payment service implementation ends.......
date:2023/05/03 time:09:30:04 [main] INFO  v1.spring.profile.model.PaymentService - payment service implementation starts......
date:2023/05/03 time:09:30:04 [main] INFO  v1.spring.profile.model.PaymentService - processing payment amount: 5000.0
date:2023/05/03 time:09:30:04 [main] INFO  v1.spring.profile.model.RazorPayment - razor pay payment started.......
date:2023/05/03 time:09:30:06 [main] INFO  v1.spring.profile.model.RazorPayment - razor pay payment payment end .......
date:2023/05/03 time:09:30:06 [main] INFO  v1.spring.profile.model.PaymentService - payment service implementation ends.......
date:2023/05/03 time:09:31:13 [main] INFO  v1.spring.profile.model.PaymentService - payment service implementation starts......
date:2023/05/03 time:09:31:13 [main] INFO  v1.spring.profile.model.PaymentService - processing payment amount: 5000.0
date:2023/05/03 time:09:31:13 [main] INFO  v1.spring.profile.model.GpayPayment - gpay payment started.......
date:2023/05/03 time:09:31:15 [main] INFO  v1.spring.profile.model.GpayPayment - gpay payment end .......
date:2023/05/03 time:09:31:15 [main] INFO  v1.spring.profile.model.PaymentService - payment service implementation ends.......
date:2023/05/03 time:09:31:43 [main] INFO  v1.spring.profile.model.PaymentService - payment service implementation starts......
date:2023/05/03 time:09:31:43 [main] INFO  v1.spring.profile.model.PaymentService - processing payment amount: 5000.0
date:2023/05/03 time:09:31:43 [main] INFO  v1.spring.profile.model.GpayPayment - gpay payment started.......
date:2023/05/03 time:09:31:45 [main] INFO  v1.spring.profile.model.GpayPayment - gpay payment end .......
date:2023/05/03 time:09:31:45 [main] INFO  v1.spring.profile.model.PaymentService - done processing of  payment amount: 5000.0
date:2023/05/03 time:09:31:45 [main] INFO  v1.spring.profile.model.PaymentService - payment service implementation ends.......
date:2023/05/03 time:09:38:23 [main] INFO  v1.spring.profile.model.PaymentService - payment service implementation starts......
date:2023/05/03 time:09:38:23 [main] INFO  v1.spring.profile.model.PaymentService - processing payment amount: 5000.0
date:2023/05/03 time:09:38:23 [main] INFO  v1.spring.profile.model.GpayPayment - gpay payment started.......
date:2023/05/03 time:09:38:25 [main] INFO  v1.spring.profile.model.GpayPayment - gpay payment end .......
date:2023/05/03 time:09:38:25 [main] INFO  v1.spring.profile.model.PaymentService - done processing of  payment amount: 5000.0
date:2023/05/03 time:09:38:25 [main] INFO  v1.spring.profile.model.PaymentService - payment service implementation ends.......
date:2023/05/03 time:09:38:49 [main] INFO  v1.spring.profile.model.PaymentService - payment service implementation starts......
date:2023/05/03 time:09:38:49 [main] INFO  v1.spring.profile.model.PaymentService - processing payment amount: 5000.0
date:2023/05/03 time:09:38:49 [main] INFO  v1.spring.profile.model.RazorPayment - razor pay payment started.......
date:2023/05/03 time:09:38:51 [main] INFO  v1.spring.profile.model.RazorPayment - razor pay payment payment end .......
date:2023/05/03 time:09:38:51 [main] INFO  v1.spring.profile.model.PaymentService - done processing of  payment amount: 5000.0
date:2023/05/03 time:09:38:51 [main] INFO  v1.spring.profile.model.PaymentService - payment service implementation ends.......
date:2023/05/03 time:09:40:55 [main] INFO  v1.spring.profile.model.PaymentService - payment service implementation starts......
date:2023/05/03 time:09:40:55 [main] INFO  v1.spring.profile.model.PaymentService - processing payment amount: 5000.0
date:2023/05/03 time:09:40:55 [main] INFO  v1.spring.profile.model.RazorPayment - razor pay payment started.......
date:2023/05/03 time:09:40:57 [main] INFO  v1.spring.profile.model.RazorPayment - razor pay payment payment end .......
date:2023/05/03 time:09:40:57 [main] INFO  v1.spring.profile.model.PaymentService - done processing of  payment amount: 5000.0
date:2023/05/03 time:09:40:57 [main] INFO  v1.spring.profile.model.PaymentService - payment service implementation ends.......
date:2023/05/03 time:09:43:35 [main] INFO  v1.spring.profile.model.PaymentService - payment service implementation starts......
date:2023/05/03 time:09:43:35 [main] INFO  v1.spring.profile.model.PaymentService - processing payment amount: 5000.0
date:2023/05/03 time:09:43:35 [main] INFO  v1.spring.profile.model.RazorPayment - razor pay payment started.......
date:2023/05/03 time:09:43:37 [main] INFO  v1.spring.profile.model.RazorPayment - razor pay payment payment end .......
date:2023/05/03 time:09:43:37 [main] INFO  v1.spring.profile.model.PaymentService - done processing of  payment amount: 5000.0
date:2023/05/03 time:09:43:37 [main] INFO  v1.spring.profile.model.PaymentService - payment service implementation ends.......
date:2023/05/03 time:09:44:33 [main] INFO  v2.spring.profile.model.PaymentService - payment service implementation starts......
date:2023/05/03 time:09:44:33 [main] INFO  v2.spring.profile.model.PaymentService - processing payment amount: 5000.0
date:2023/05/03 time:09:44:33 [main] INFO  v2.spring.profile.model.RazorPayment - razor pay payment started.......
date:2023/05/03 time:09:44:35 [main] INFO  v2.spring.profile.model.RazorPayment - razor pay payment payment end .......
date:2023/05/03 time:09:44:35 [main] INFO  v2.spring.profile.model.PaymentService - done processing of  payment amount: 5000.0
date:2023/05/03 time:09:44:35 [main] INFO  v2.spring.profile.model.PaymentService - payment service implementation ends.......
date:2023/05/03 time:09:46:02 [main] INFO  v2.spring.profile.model.PaymentService - payment service implementation starts......
date:2023/05/03 time:09:46:02 [main] INFO  v2.spring.profile.model.PaymentService - processing payment amount: 5000.0
date:2023/05/03 time:09:46:02 [main] INFO  v2.spring.profile.model.RazorPayment - razor pay payment started.......
date:2023/05/03 time:09:46:04 [main] INFO  v2.spring.profile.model.RazorPayment - razor pay payment payment end .......
date:2023/05/03 time:09:46:04 [main] INFO  v2.spring.profile.model.PaymentService - done processing of  payment amount: 5000.0
date:2023/05/03 time:09:46:04 [main] INFO  v2.spring.profile.model.PaymentService - payment service implementation ends.......
date:2023/05/03 time:09:46:21 [main] INFO  v2.spring.profile.model.PaymentService - payment service implementation starts......
date:2023/05/03 time:09:46:21 [main] INFO  v2.spring.profile.model.PaymentService - processing payment amount: 5000.0
date:2023/05/03 time:09:46:21 [main] INFO  v2.spring.profile.model.RazorPayment - razor pay payment started.......
date:2023/05/03 time:09:46:23 [main] INFO  v2.spring.profile.model.RazorPayment - razor pay payment payment end .......
date:2023/05/03 time:09:46:23 [main] INFO  v2.spring.profile.model.PaymentService - done processing of  payment amount: 5000.0
date:2023/05/03 time:09:46:23 [main] INFO  v2.spring.profile.model.PaymentService - payment service implementation ends.......
date:2023/05/03 time:09:53:06 [main] WARN  org.springframework.context.annotation.AnnotationConfigApplicationContext - Exception encountered during context initialization - cancelling refresh attempt: org.springframework.beans.factory.UnsatisfiedDependencyException: Error creating bean with name 'paymentService' defined in v3.spring.profile.config.AppConfig: Unsatisfied dependency expressed through method 'paymentService' parameter 0; nested exception is org.springframework.beans.factory.NoSuchBeanDefinitionException: No qualifying bean of type 'v3.spring.profile.model.Payment' available: expected at least 1 bean which qualifies as autowire candidate. Dependency annotations: {}
date:2023/05/03 time:09:53:33 [main] WARN  org.springframework.context.annotation.AnnotationConfigApplicationContext - Exception encountered during context initialization - cancelling refresh attempt: org.springframework.beans.factory.UnsatisfiedDependencyException: Error creating bean with name 'paymentService' defined in v3.spring.profile.config.AppConfig: Unsatisfied dependency expressed through method 'paymentService' parameter 0; nested exception is org.springframework.beans.factory.NoSuchBeanDefinitionException: No qualifying bean of type 'v3.spring.profile.model.Payment' available: expected at least 1 bean which qualifies as autowire candidate. Dependency annotations: {}
date:2023/05/03 time:10:00:08 [main] INFO  v3.spring.profile.model.PaymentService - payment service implementation starts......
date:2023/05/03 time:10:00:08 [main] INFO  v3.spring.profile.model.PaymentService - processing payment amount: 5000.0
date:2023/05/03 time:10:00:08 [main] INFO  v3.spring.profile.model.GpayPayment - gpay payment started.......
date:2023/05/03 time:10:00:10 [main] INFO  v3.spring.profile.model.GpayPayment - gpay payment end .......
date:2023/05/03 time:10:00:10 [main] INFO  v3.spring.profile.model.PaymentService - done processing of  payment amount: 5000.0
date:2023/05/03 time:10:00:10 [main] INFO  v3.spring.profile.model.PaymentService - payment service implementation ends.......
date:2023/05/03 time:10:00:29 [main] INFO  v3.spring.profile.model.PaymentService - payment service implementation starts......
date:2023/05/03 time:10:00:29 [main] INFO  v3.spring.profile.model.PaymentService - processing payment amount: 5000.0
date:2023/05/03 time:10:00:29 [main] INFO  v3.spring.profile.model.RazorPayment - razor pay payment started.......
date:2023/05/03 time:10:00:31 [main] INFO  v3.spring.profile.model.RazorPayment - razor pay payment payment end .......
date:2023/05/03 time:10:00:31 [main] INFO  v3.spring.profile.model.PaymentService - done processing of  payment amount: 5000.0
date:2023/05/03 time:10:00:31 [main] INFO  v3.spring.profile.model.PaymentService - payment service implementation ends.......
date:2023/05/03 time:10:02:50 [main] INFO  v3.spring.profile.model.PaymentService - payment service implementation starts......
date:2023/05/03 time:10:02:50 [main] INFO  v3.spring.profile.model.PaymentService - processing payment amount: 5000.0
date:2023/05/03 time:10:02:50 [main] INFO  v3.spring.profile.model.RazorPayment - razor pay payment started.......
date:2023/05/03 time:10:02:52 [main] INFO  v3.spring.profile.model.RazorPayment - razor pay payment payment end .......
date:2023/05/03 time:10:02:52 [main] INFO  v3.spring.profile.model.PaymentService - done processing of  payment amount: 5000.0
date:2023/05/03 time:10:02:52 [main] INFO  v3.spring.profile.model.PaymentService - payment service implementation ends.......
date:2023/05/03 time:10:02:58 [main] INFO  v2.spring.profile.model.PaymentService - payment service implementation starts......
date:2023/05/03 time:10:02:58 [main] INFO  v2.spring.profile.model.PaymentService - processing payment amount: 5000.0
date:2023/05/03 time:10:02:58 [main] INFO  v2.spring.profile.model.RazorPayment - razor pay payment started.......
date:2023/05/03 time:10:03:00 [main] INFO  v2.spring.profile.model.RazorPayment - razor pay payment payment end .......
date:2023/05/03 time:10:03:00 [main] INFO  v2.spring.profile.model.PaymentService - done processing of  payment amount: 5000.0
date:2023/05/03 time:10:03:00 [main] INFO  v2.spring.profile.model.PaymentService - payment service implementation ends.......
date:2023/05/03 time:10:03:04 [main] INFO  v1.spring.profile.model.PaymentService - payment service implementation starts......
date:2023/05/03 time:10:03:04 [main] INFO  v1.spring.profile.model.PaymentService - processing payment amount: 5000.0
date:2023/05/03 time:10:03:04 [main] INFO  v1.spring.profile.model.GpayPayment - gpay payment started.......
date:2023/05/03 time:10:03:06 [main] INFO  v1.spring.profile.model.GpayPayment - gpay payment end .......
date:2023/05/03 time:10:03:06 [main] INFO  v1.spring.profile.model.PaymentService - done processing of  payment amount: 5000.0
date:2023/05/03 time:10:03:06 [main] INFO  v1.spring.profile.model.PaymentService - payment service implementation ends.......
date:2023/05/03 time:10:03:19 [main] INFO  v2.spring.profile.model.PaymentService - payment service implementation starts......
date:2023/05/03 time:10:03:19 [main] INFO  v2.spring.profile.model.PaymentService - processing payment amount: 5000.0
date:2023/05/03 time:10:03:19 [main] INFO  v2.spring.profile.model.RazorPayment - razor pay payment started.......
date:2023/05/03 time:10:03:21 [main] INFO  v2.spring.profile.model.RazorPayment - razor pay payment payment end .......
date:2023/05/03 time:10:03:21 [main] INFO  v2.spring.profile.model.PaymentService - done processing of  payment amount: 5000.0
date:2023/05/03 time:10:03:21 [main] INFO  v2.spring.profile.model.PaymentService - payment service implementation ends.......
date:2023/05/03 time:10:03:32 [main] INFO  v3.spring.profile.model.PaymentService - payment service implementation starts......
date:2023/05/03 time:10:03:32 [main] INFO  v3.spring.profile.model.PaymentService - processing payment amount: 5000.0
date:2023/05/03 time:10:03:32 [main] INFO  v3.spring.profile.model.RazorPayment - razor pay payment started.......
date:2023/05/03 time:10:03:34 [main] INFO  v3.spring.profile.model.RazorPayment - razor pay payment payment end .......
date:2023/05/03 time:10:03:34 [main] INFO  v3.spring.profile.model.PaymentService - done processing of  payment amount: 5000.0
date:2023/05/03 time:10:03:34 [main] INFO  v3.spring.profile.model.PaymentService - payment service implementation ends.......
date:2023/05/03 time:10:34:28 [main] INFO  v3.spring.profile.model.PaymentService - payment service implementation starts......
date:2023/05/03 time:10:34:28 [main] INFO  v3.spring.profile.model.PaymentService - processing payment amount: 5000.0
date:2023/05/03 time:10:34:28 [main] INFO  v3.spring.profile.model.RazorPayment - razor pay payment started.......
date:2023/05/03 time:10:34:30 [main] INFO  v3.spring.profile.model.RazorPayment - razor pay payment payment end .......
date:2023/05/03 time:10:34:30 [main] INFO  v3.spring.profile.model.PaymentService - done processing of  payment amount: 5000.0
date:2023/05/03 time:10:34:30 [main] INFO  v3.spring.profile.model.PaymentService - payment service implementation ends.......
date:2023/05/03 time:10:34:43 [main] INFO  v3.spring.profile.model.PaymentService - payment service implementation starts......
date:2023/05/03 time:10:34:43 [main] INFO  v3.spring.profile.model.PaymentService - processing payment amount: 5000.0
date:2023/05/03 time:10:34:43 [main] INFO  v3.spring.profile.model.GpayPayment - gpay payment started.......
date:2023/05/03 time:10:34:45 [main] INFO  v3.spring.profile.model.GpayPayment - gpay payment end .......
date:2023/05/03 time:10:34:45 [main] INFO  v3.spring.profile.model.PaymentService - done processing of  payment amount: 5000.0
date:2023/05/03 time:10:34:45 [main] INFO  v3.spring.profile.model.PaymentService - payment service implementation ends.......
date:2023/05/15 time:09:38:31 [main] INFO  v3.spring.profile.model.PaymentService - payment service implementation starts......
date:2023/05/15 time:09:38:31 [main] INFO  v3.spring.profile.model.PaymentService - processing payment amount: 5000.0
date:2023/05/15 time:09:38:31 [main] INFO  v3.spring.profile.model.GpayPayment - gpay payment started.......
date:2023/05/15 time:09:38:33 [main] INFO  v3.spring.profile.model.GpayPayment - gpay payment end .......
date:2023/05/15 time:09:38:33 [main] INFO  v3.spring.profile.model.PaymentService - done processing of  payment amount: 5000.0
date:2023/05/15 time:09:38:33 [main] INFO  v3.spring.profile.model.PaymentService - payment service implementation ends.......
date:2023/05/15 time:09:42:59 [main] INFO  v3.spring.profile.model.PaymentService - payment service implementation starts......
date:2023/05/15 time:09:42:59 [main] INFO  v3.spring.profile.model.PaymentService - processing payment amount: 5000.0
date:2023/05/15 time:09:42:59 [main] INFO  v3.spring.profile.model.GpayPayment - gpay payment started.......
date:2023/05/15 time:09:43:01 [main] INFO  v3.spring.profile.model.GpayPayment - gpay payment end .......
date:2023/05/15 time:09:43:01 [main] INFO  v3.spring.profile.model.PaymentService - done processing of  payment amount: 5000.0
date:2023/05/15 time:09:43:01 [main] INFO  v3.spring.profile.model.PaymentService - payment service implementation ends.......
date:2023/05/15 time:09:44:03 [main] INFO  v1.spring.profile.model.PaymentService - payment service implementation starts......
date:2023/05/15 time:09:44:03 [main] INFO  v1.spring.profile.model.PaymentService - processing payment amount: 5000.0
date:2023/05/15 time:09:44:03 [main] INFO  v1.spring.profile.model.GpayPayment - gpay payment started.......
date:2023/05/15 time:09:44:05 [main] INFO  v1.spring.profile.model.GpayPayment - gpay payment end .......
date:2023/05/15 time:09:44:05 [main] INFO  v1.spring.profile.model.PaymentService - done processing of  payment amount: 5000.0
date:2023/05/15 time:09:44:05 [main] INFO  v1.spring.profile.model.PaymentService - payment service implementation ends.......
date:2023/05/15 time:09:44:45 [main] INFO  v1.spring.profile.model.PaymentService - payment service implementation starts......
date:2023/05/15 time:09:44:45 [main] INFO  v1.spring.profile.model.PaymentService - processing payment amount: 5000.0
date:2023/05/15 time:09:44:45 [main] INFO  v1.spring.profile.model.GpayPayment - gpay payment started.......
date:2023/05/15 time:09:44:47 [main] INFO  v1.spring.profile.model.GpayPayment - gpay payment end .......
date:2023/05/15 time:09:44:47 [main] INFO  v1.spring.profile.model.PaymentService - done processing of  payment amount: 5000.0
date:2023/05/15 time:09:44:47 [main] INFO  v1.spring.profile.model.PaymentService - payment service implementation ends.......
date:2023/05/15 time:09:45:23 [main] INFO  v1.spring.profile.model.PaymentService - payment service implementation starts......
date:2023/05/15 time:09:45:23 [main] INFO  v1.spring.profile.model.PaymentService - processing payment amount: 5000.0
date:2023/05/15 time:09:45:23 [main] INFO  v1.spring.profile.model.GpayPayment - gpay payment started.......
date:2023/05/15 time:09:45:25 [main] INFO  v1.spring.profile.model.GpayPayment - gpay payment end .......
date:2023/05/15 time:09:45:25 [main] INFO  v1.spring.profile.model.PaymentService - done processing of  payment amount: 5000.0
date:2023/05/15 time:09:45:25 [main] INFO  v1.spring.profile.model.PaymentService - payment service implementation ends.......
date:2023/05/15 time:09:45:45 [main] INFO  v1.spring.profile.model.PaymentService - payment service implementation starts......
date:2023/05/15 time:09:45:45 [main] INFO  v1.spring.profile.model.PaymentService - processing payment amount: 5000.0
date:2023/05/15 time:09:45:45 [main] INFO  v1.spring.profile.model.GpayPayment - gpay payment started.......
date:2023/05/15 time:09:45:47 [main] INFO  v1.spring.profile.model.GpayPayment - gpay payment end .......
date:2023/05/15 time:09:45:47 [main] INFO  v1.spring.profile.model.PaymentService - done processing of  payment amount: 5000.0
date:2023/05/15 time:09:45:47 [main] INFO  v1.spring.profile.model.PaymentService - payment service implementation ends.......
date:2023/05/15 time:09:46:05 [main] INFO  v1.spring.profile.model.PaymentService - payment service implementation starts......
date:2023/05/15 time:09:46:05 [main] INFO  v1.spring.profile.model.PaymentService - processing payment amount: 5000.0
date:2023/05/15 time:09:46:05 [main] INFO  v1.spring.profile.model.GpayPayment - gpay payment started.......
date:2023/05/15 time:09:46:07 [main] INFO  v1.spring.profile.model.GpayPayment - gpay payment end .......
date:2023/05/15 time:09:46:07 [main] INFO  v1.spring.profile.model.PaymentService - done processing of  payment amount: 5000.0
date:2023/05/15 time:09:46:07 [main] INFO  v1.spring.profile.model.PaymentService - payment service implementation ends.......
date:2023/05/15 time:09:51:01 [main] INFO  v3.spring.profile.model.PaymentService - payment service implementation starts......
date:2023/05/15 time:09:51:01 [main] INFO  v3.spring.profile.model.PaymentService - processing payment amount: 5000.0
date:2023/05/15 time:09:51:01 [main] INFO  v3.spring.profile.model.GpayPayment - gpay payment started.......
date:2023/05/15 time:09:51:03 [main] INFO  v3.spring.profile.model.GpayPayment - gpay payment end .......
date:2023/05/15 time:09:51:03 [main] INFO  v3.spring.profile.model.PaymentService - done processing of  payment amount: 5000.0
date:2023/05/15 time:09:51:03 [main] INFO  v3.spring.profile.model.PaymentService - payment service implementation ends.......
