2023-08-22 10:22:46.197 WARN  HikariPool$HouseKeeper.run - HikariPool-1 - Thread starvation or clock leap detected (housekeeper delta=16h58m26s997ms552µs500ns).
2023-08-22 10:24:30.875 WARN  HikariPool$HouseKeeper.run - HikariPool-1 - Thread starvation or clock leap detected (housekeeper delta=1m26s646ms703µs500ns).
2023-08-22 10:36:37.678 INFO  AbstractEntityManagerFactoryBean.destroy - Closing JPA EntityManagerFactory for persistence unit 'default'
2023-08-22 10:36:37.688 INFO  HikariDataSource.close - HikariPool-1 - Shutdown initiated...
2023-08-22 10:36:37.714 INFO  HikariDataSource.close - HikariPool-1 - Shutdown completed.
2023-08-22 10:36:38.277 INFO  RepositoryConfigurationDelegate.registerRepositoriesIn - Bootstrapping Spring Data JPA repositories in DEFAULT mode.
2023-08-22 10:36:38.313 INFO  RepositoryConfigurationDelegate.registerRepositoriesIn - Finished Spring Data repository scanning in 34 ms. Found 1 JPA repository interfaces.
2023-08-22 10:36:38.444 INFO  PostProcessorRegistrationDelegate$BeanPostProcessorChecker.postProcessAfterInitialization - Bean 'WSConfig' of type [com.vivek.soap.config.WSConfig$$EnhancerBySpringCGLIB$$101a40af] is not eligible for getting processed by all BeanPostProcessors (for example: not eligible for auto-proxying)
2023-08-22 10:36:38.445 INFO  PostProcessorRegistrationDelegate$BeanPostProcessorChecker.postProcessAfterInitialization - Bean 'org.springframework.ws.config.annotation.DelegatingWsConfiguration' of type [org.springframework.ws.config.annotation.DelegatingWsConfiguration$$EnhancerBySpringCGLIB$$ea3538d0] is not eligible for getting processed by all BeanPostProcessors (for example: not eligible for auto-proxying)
2023-08-22 10:36:38.454 INFO  AbstractAddressingEndpointMapping.afterPropertiesSet - Supporting [WS-Addressing August 2004, WS-Addressing 1.0]
2023-08-22 10:36:38.591 INFO  TomcatWebServer.initialize - Tomcat initialized with port(s): 8080 (http)
2023-08-22 10:36:38.593 INFO  DirectJDKLog.log - Initializing ProtocolHandler ["http-nio-8080"]
2023-08-22 10:36:38.593 INFO  DirectJDKLog.log - Starting service [Tomcat]
2023-08-22 10:36:38.594 INFO  DirectJDKLog.log - Starting Servlet engine: [Apache Tomcat/9.0.53]
2023-08-22 10:36:38.691 INFO  DirectJDKLog.log - Initializing Spring embedded WebApplicationContext
2023-08-22 10:36:38.692 INFO  ServletWebServerApplicationContext.prepareWebApplicationContext - Root WebApplicationContext: initialization completed in 742 ms
2023-08-22 10:36:38.723 INFO  HikariDataSource.getConnection - HikariPool-2 - Starting...
2023-08-22 10:36:38.736 INFO  HikariDataSource.getConnection - HikariPool-2 - Start completed.
2023-08-22 10:36:38.737 INFO  H2ConsoleAutoConfiguration.lambda$h2Console$0 - H2 console available at '/h2-console'. Database available at 'jdbc:h2:file:~/h2/soap'
2023-08-22 10:36:38.897 INFO  AbstractEntityManagerFactoryBean.buildNativeEntityManagerFactory - Initialized JPA EntityManagerFactory for persistence unit 'default'
2023-08-22 10:36:39.139 WARN  JpaBaseConfiguration$JpaWebConfiguration.openEntityManagerInViewInterceptor - spring.jpa.open-in-view is enabled by default. Therefore, database queries may be performed during view rendering. Explicitly configure spring.jpa.open-in-view to disable this warning
2023-08-22 10:36:39.415 INFO  OptionalLiveReloadServer.startServer - LiveReload server is running on port 35729
2023-08-22 10:36:39.425 INFO  DirectJDKLog.log - Starting ProtocolHandler ["http-nio-8080"]
2023-08-22 10:36:39.429 INFO  TomcatWebServer.start - Tomcat started on port(s): 8080 (http) with context path ''
2023-08-22 10:36:39.439 INFO  ConditionEvaluationDeltaLoggingListener.onApplicationEvent - Condition evaluation unchanged
2023-08-22 10:37:00.767 INFO  DirectJDKLog.log - Initializing Spring DispatcherServlet 'dispatcherServlet'
2023-08-22 10:37:00.767 INFO  FrameworkServlet.initServletBean - Initializing Servlet 'dispatcherServlet'
2023-08-22 10:37:00.769 INFO  FrameworkServlet.initServletBean - Completed initialization in 1 ms
2023-08-22 10:38:51.407 INFO  DirectJDKLog.log - Initializing Spring MessageDispatcherServlet 'messageDispatcherServlet'
2023-08-22 10:38:51.408 INFO  FrameworkServlet.initServletBean - Initializing Servlet 'messageDispatcherServlet'
2023-08-22 10:38:51.409 INFO  SaajSoapMessageFactory.afterPropertiesSet - Creating SAAJ 1.3 MessageFactory with SOAP 1.1 Protocol
2023-08-22 10:38:51.411 INFO  FrameworkServlet.initServletBean - Completed initialization in 3 ms
2023-08-22 10:42:30.722 INFO  AbstractEntityManagerFactoryBean.destroy - Closing JPA EntityManagerFactory for persistence unit 'default'
2023-08-22 10:42:30.724 INFO  HikariDataSource.close - HikariPool-2 - Shutdown initiated...
2023-08-22 10:42:30.756 INFO  HikariDataSource.close - HikariPool-2 - Shutdown completed.
2023-08-22 10:42:31.256 INFO  RepositoryConfigurationDelegate.registerRepositoriesIn - Bootstrapping Spring Data JPA repositories in DEFAULT mode.
2023-08-22 10:42:31.293 INFO  RepositoryConfigurationDelegate.registerRepositoriesIn - Finished Spring Data repository scanning in 36 ms. Found 1 JPA repository interfaces.
2023-08-22 10:42:31.376 INFO  PostProcessorRegistrationDelegate$BeanPostProcessorChecker.postProcessAfterInitialization - Bean 'WSConfig' of type [com.vivek.soap.config.WSConfig$$EnhancerBySpringCGLIB$$101a40af] is not eligible for getting processed by all BeanPostProcessors (for example: not eligible for auto-proxying)
2023-08-22 10:42:31.377 INFO  PostProcessorRegistrationDelegate$BeanPostProcessorChecker.postProcessAfterInitialization - Bean 'org.springframework.ws.config.annotation.DelegatingWsConfiguration' of type [org.springframework.ws.config.annotation.DelegatingWsConfiguration$$EnhancerBySpringCGLIB$$ea3538d0] is not eligible for getting processed by all BeanPostProcessors (for example: not eligible for auto-proxying)
2023-08-22 10:42:31.381 INFO  AbstractAddressingEndpointMapping.afterPropertiesSet - Supporting [WS-Addressing August 2004, WS-Addressing 1.0]
2023-08-22 10:42:31.457 INFO  TomcatWebServer.initialize - Tomcat initialized with port(s): 8080 (http)
2023-08-22 10:42:31.459 INFO  DirectJDKLog.log - Initializing ProtocolHandler ["http-nio-8080"]
2023-08-22 10:42:31.460 INFO  DirectJDKLog.log - Starting service [Tomcat]
2023-08-22 10:42:31.461 INFO  DirectJDKLog.log - Starting Servlet engine: [Apache Tomcat/9.0.53]
2023-08-22 10:42:31.522 INFO  DirectJDKLog.log - Initializing Spring embedded WebApplicationContext
2023-08-22 10:42:31.522 INFO  ServletWebServerApplicationContext.prepareWebApplicationContext - Root WebApplicationContext: initialization completed in 602 ms
2023-08-22 10:42:31.545 INFO  HikariDataSource.getConnection - HikariPool-3 - Starting...
2023-08-22 10:42:31.558 INFO  HikariDataSource.getConnection - HikariPool-3 - Start completed.
2023-08-22 10:42:31.559 INFO  H2ConsoleAutoConfiguration.lambda$h2Console$0 - H2 console available at '/h2-console'. Database available at 'jdbc:h2:file:~/h2/soap'
2023-08-22 10:42:31.678 INFO  AbstractEntityManagerFactoryBean.buildNativeEntityManagerFactory - Initialized JPA EntityManagerFactory for persistence unit 'default'
2023-08-22 10:42:31.857 WARN  JpaBaseConfiguration$JpaWebConfiguration.openEntityManagerInViewInterceptor - spring.jpa.open-in-view is enabled by default. Therefore, database queries may be performed during view rendering. Explicitly configure spring.jpa.open-in-view to disable this warning
2023-08-22 10:42:31.980 INFO  OptionalLiveReloadServer.startServer - LiveReload server is running on port 35729
2023-08-22 10:42:31.987 INFO  DirectJDKLog.log - Starting ProtocolHandler ["http-nio-8080"]
2023-08-22 10:42:31.990 INFO  TomcatWebServer.start - Tomcat started on port(s): 8080 (http) with context path ''
2023-08-22 10:42:31.997 INFO  ConditionEvaluationDeltaLoggingListener.onApplicationEvent - Condition evaluation unchanged
2023-08-22 10:42:37.390 INFO  DirectJDKLog.log - Initializing Spring MessageDispatcherServlet 'messageDispatcherServlet'
2023-08-22 10:42:37.391 INFO  FrameworkServlet.initServletBean - Initializing Servlet 'messageDispatcherServlet'
2023-08-22 10:42:37.391 INFO  SaajSoapMessageFactory.afterPropertiesSet - Creating SAAJ 1.3 MessageFactory with SOAP 1.1 Protocol
2023-08-22 10:42:37.393 INFO  FrameworkServlet.initServletBean - Completed initialization in 2 ms
